<?xml version="1.0" encoding="UTF-8"?>
<!-- Generated by org.testng.reporters.JUnitReportReporter -->
<testsuite hostname="Prathap" failures="0" tests="3" name="com.tutorialsninja.qa.testcases.Search" time="13.726" errors="0" timestamp="2024-02-15T23:58:56 IST" skipped="0">
  <testcase classname="com.tutorialsninja.qa.testcases.Search" name="verifySearchWithoutProduct" time="5.081"/>
  <system-out/>
  <testcase classname="com.tutorialsninja.qa.testcases.Search" name="verifySearchWithValidProduct" time="4.420"/>
  <system-out/>
  <testcase classname="com.tutorialsninja.qa.testcases.Search" name="verifySearchWithInValidProduct" time="4.225"/>
  <system-out/>
</testsuite> <!-- com.tutorialsninja.qa.testcases.Search -->
