<?xml version="1.0" encoding="UTF-8"?>
<!-- Generated by org.testng.reporters.JUnitReportReporter -->
<testsuite hostname="Prathap" failures="0" tests="4" name="com.tutorialsninja.qa.testcases.Register" time="24.516" errors="0" timestamp="2024-02-15T23:58:56 IST" skipped="0">
  <testcase classname="com.tutorialsninja.qa.testcases.Register" name="verifyRegisteringAccount" time="6.466"/>
  <system-out/>
  <testcase classname="com.tutorialsninja.qa.testcases.Register" name="verifyRegisteringByProvidingAllFields" time="7.327"/>
  <system-out/>
  <testcase classname="com.tutorialsninja.qa.testcases.Register" name="verifyRegisteringAccountWithExistingPassword" time="5.658"/>
  <system-out/>
  <testcase classname="com.tutorialsninja.qa.testcases.Register" name="verifyRegisteringWithoutUserdetails" time="5.065"/>
  <system-out/>
</testsuite> <!-- com.tutorialsninja.qa.testcases.Register -->
