<?xml version="1.0" encoding="UTF-8"?>
<!-- Generated by org.testng.reporters.JUnitReportReporter -->
<testsuite hostname="Prathap" failures="0" tests="5" name="com.tutorialsninja.qa.testcases.Login" time="27.326" errors="0" timestamp="2024-02-16T02:50:12 IST" skipped="0">
  <testcase classname="com.tutorialsninja.qa.testcases.Login" name="verifyLoginWithValidCredentials" time="5.513"/>
  <system-out/>
  <testcase classname="com.tutorialsninja.qa.testcases.Login" name="verifyLoginWithInvalidCrdentials" time="5.175"/>
  <system-out/>
  <testcase classname="com.tutorialsninja.qa.testcases.Login" name="verifyLoginWithInvalidPassword" time="5.480"/>
  <system-out/>
  <testcase classname="com.tutorialsninja.qa.testcases.Login" name="VerifyLoginwithoutAnyCredentials" time="5.806"/>
  <system-out/>
  <testcase classname="com.tutorialsninja.qa.testcases.Login" name="verifyLoginWithInvalidUsername" time="5.352"/>
  <system-out/>
</testsuite> <!-- com.tutorialsninja.qa.testcases.Login -->
